#
# A fatal error has been detected by the Java Runtime Environment:
#
#  EXCEPTION_ACCESS_VIOLATION (0xc0000005) at pc=0x0000000078aae9f9, pid=9860, tid=6892
#
# JRE version: 6.0_17-b04
# Java VM: Java HotSpot(TM) 64-Bit Server VM (14.3-b01 mixed mode windows-amd64 )
# Problematic frame:
# V  [jvm.dll+0x23e9f9]
#
# If you would like to submit a bug report, please visit:
#   http://java.sun.com/webapps/bugreport/crash.jsp
#

---------------  T H R E A D  ---------------

Current thread (0x000000002c3c2800):  JavaThread "AWT-EventQueue-0" [_thread_in_vm, id=6892, stack(0x000000005cd30000,0x000000005cdb0000)]

siginfo: ExceptionCode=0xc0000005, reading address 0x0000000000000001

Registers:
EAX=0x0000000000000001, EBX=0x0000000014eeae10, ECX=0x0000000014f9d9e0, EDX=0x0000000045ece288
ESP=0x000000005cdae510, EBP=0x0000000045ece288, ESI=0x0000000045ece288, EDI=0x0000000014f9d9e0
EIP=0x0000000078aae9f9, EFLAGS=0x0000000000010202

Top of Stack: (sp=0x000000005cdae510)
0x000000005cdae510:   0000000044bd9b38 0000000044bd9ae0
0x000000005cdae520:   000000002c3c2800 0000000078a88418
0x000000005cdae530:   0000000040825968 0000000078aaeb14
0x000000005cdae540:   0000000014eeae10 000000005cdae668
0x000000005cdae550:   0000000045ece288 000000002c2ff4c8
0x000000005cdae560:   000000002c3c29b8 0000000078a6f749
0x000000005cdae570:   000000003ec01a68 000000005cdae688
0x000000005cdae580:   000000002c2ff4c8 000000002c3c2800
0x000000005cdae590:   000000002c3c2800 0000000000000000
0x000000005cdae5a0:   000000005cdae5e8 fffffffffffffffe
0x000000005cdae5b0:   00000000404017b8 00000000731ff9d6
0x000000005cdae5c0:   000000002c3c29b8 000000005cdae700
0x000000005cdae5d0:   000000003ec01a68 000000005cdae688
0x000000005cdae5e0:   0000000000000000 0000000044b29068
0x000000005cdae5f0:   0000000000000039 0000000039841588
0x000000005cdae600:   000000005cdae5f0 00000000453cc790 

Instructions: (pc=0x0000000078aae9f9)
0x0000000078aae9e9:   c1 89 8a 00 01 00 00 eb 11 48 8b 87 20 01 00 00
0x0000000078aae9f9:   48 8b 08 48 89 8f 20 01 00 00 4c 8b 64 24 20 48 


Stack: [0x000000005cd30000,0x000000005cdb0000],  sp=0x000000005cdae510,  free space=505k
Native frames: (J=compiled Java code, j=interpreted, Vv=VM code, C=native code)
V  [jvm.dll+0x23e9f9]

Java frames: (J=compiled Java code, j=interpreted, Vv=VM code)
j  sun.awt.windows.WFramePeer.getState()I+0
J  javax.swing.RepaintManager.addDirtyRegion0(Ljava/awt/Container;IIII)V
J  javax.swing.JComponent.repaint(JIIII)V
j  java.awt.Component.repaint(IIII)V+7
j  javax.swing.JTable.tableChanged(Ljavax/swing/event/TableModelEvent;)V+248
j  com.mathworks.widgets.recordlist.RecordlistTable.tableChanged(Ljavax/swing/event/TableModelEvent;)V+12
j  javax.swing.table.AbstractTableModel.fireTableChanged(Ljavax/swing/event/TableModelEvent;)V+35
j  com.mathworks.mwswing.DefaultSortableTable$TableMap.tableChanged(Ljavax/swing/event/TableModelEvent;)V+2
j  com.mathworks.mwswing.DefaultSortableTable$TableSorter.tableChanged(Ljavax/swing/event/TableModelEvent;)V+38
j  javax.swing.table.AbstractTableModel.fireTableChanged(Ljavax/swing/event/TableModelEvent;)V+35
j  javax.swing.table.AbstractTableModel.fireTableCellUpdated(II)V+12
j  com.mathworks.widgets.recordlist.RecordlistTableModel$CellUpdater.run()V+12
J  java.awt.event.InvocationEvent.dispatch()V
J  java.awt.EventDispatchThread.pumpOneEventForFilters(I)Z
J  java.awt.EventDispatchThread.pumpEventsForFilter(ILjava/awt/Conditional;Ljava/awt/EventFilter;)V
j  java.awt.EventDispatchThread.pumpEventsForHierarchy(ILjava/awt/Conditional;Ljava/awt/Component;)V+11
j  java.awt.EventDispatchThread.pumpEvents(ILjava/awt/Conditional;)V+4
j  java.awt.EventDispatchThread.pumpEvents(Ljava/awt/Conditional;)V+3
j  java.awt.EventDispatchThread.run()V+9
v  ~StubRoutines::call_stub

---------------  P R O C E S S  ---------------

Java Threads: ( => current thread )
  0x000000002c943000 JavaThread "pool-8-thread-1" [_thread_blocked, id=2816, stack(0x0000000006b90000,0x0000000006c10000)]
  0x000000002c949800 JavaThread "Foxtrot Multi Worker Thread Runner #1" daemon [_thread_blocked, id=9464, stack(0x0000000006a90000,0x0000000006b10000)]
  0x000000002c947800 JavaThread "Code Analyzer updating thread" [_thread_blocked, id=1436, stack(0x0000000005740000,0x00000000057c0000)]
  0x000000002c946800 JavaThread "Prefs Updater" daemon [_thread_blocked, id=7944, stack(0x0000000005680000,0x0000000005700000)]
  0x000000002c944800 JavaThread "Code Analyzer updating thread" [_thread_blocked, id=10416, stack(0x00000000624b0000,0x0000000062530000)]
  0x000000002c948000 JavaThread "Active Reference Queue Daemon" daemon [_thread_blocked, id=8208, stack(0x00000000725c0000,0x0000000072640000)]
  0x000000002c5a8800 JavaThread "Timer-8" daemon [_thread_blocked, id=8552, stack(0x0000000072540000,0x00000000725c0000)]
  0x000000002c5a7800 JavaThread "Timer-7" daemon [_thread_blocked, id=9036, stack(0x00000000723c0000,0x0000000072440000)]
  0x000000002c5a7000 JavaThread "Explorer NavigationContext request queue" [_thread_blocked, id=9736, stack(0x000000005fbe0000,0x000000005fc60000)]
  0x000000002c5aa800 JavaThread "AddressBar directory emptiness poller" [_thread_blocked, id=10912, stack(0x000000005fa70000,0x000000005faf0000)]
  0x000000002c5a9800 JavaThread "Timer-1" [_thread_blocked, id=6500, stack(0x000000005f970000,0x000000005f9f0000)]
  0x000000002c5a9000 JavaThread "TimerQueue" daemon [_thread_blocked, id=1340, stack(0x000000005da50000,0x000000005dad0000)]
  0x000000002c5a3000 JavaThread "FelixPackageAdmin" daemon [_thread_blocked, id=10104, stack(0x000000005cf30000,0x000000005cfb0000)]
  0x000000002c510800 JavaThread "FelixStartLevel" daemon [_thread_blocked, id=2160, stack(0x000000005ceb0000,0x000000005cf30000)]
  0x000000002c4c0000 JavaThread "FelixDispatchQueue" daemon [_thread_blocked, id=296, stack(0x000000005ce30000,0x000000005ceb0000)]
=>0x000000002c3c2800 JavaThread "AWT-EventQueue-0" [_thread_in_vm, id=6892, stack(0x000000005cd30000,0x000000005cdb0000)]
  0x000000002c3dd800 JavaThread "com.google.common.base.internal.Finalizer" daemon [_thread_blocked, id=7916, stack(0x000000005cc30000,0x000000005ccb0000)]
  0x000000002c524000 JavaThread "AWT-Windows" daemon [_thread_in_native, id=2624, stack(0x000000002d6f0000,0x000000002d770000)]
  0x000000002b5f5800 JavaThread "AWT-Shutdown" [_thread_blocked, id=8124, stack(0x000000002d670000,0x000000002d6f0000)]
  0x000000002b5f5000 JavaThread "Java2D Disposer" daemon [_thread_blocked, id=2096, stack(0x000000002d5f0000,0x000000002d670000)]
  0x000000002bff2800 JavaThread "Timer-0" [_thread_blocked, id=2308, stack(0x000000002cd10000,0x000000002cd90000)]
  0x000000002bec3800 JavaThread "EventMgr Dispatcher" daemon [_thread_in_native, id=8264, stack(0x0000000019830000,0x000000001d830000)]
  0x000000002adef800 JavaThread "Low Memory Detector" daemon [_thread_blocked, id=2068, stack(0x000000002b0c0000,0x000000002b140000)]
  0x000000002adea800 JavaThread "CompilerThread1" daemon [_thread_blocked, id=8716, stack(0x000000007fff0000,0x0000000083ff0000)]
  0x000000002adea000 JavaThread "CompilerThread0" daemon [_thread_blocked, id=9964, stack(0x000000006b450000,0x000000006f450000)]
  0x000000002ade9000 JavaThread "Attach Listener" daemon [_thread_blocked, id=9436, stack(0x000000002b040000,0x000000002b0c0000)]
  0x0000000014fc7000 JavaThread "Finalizer" daemon [_thread_blocked, id=10932, stack(0x000000002afc0000,0x000000002b040000)]
  0x0000000014fc0000 JavaThread "Reference Handler" daemon [_thread_blocked, id=9944, stack(0x000000002af40000,0x000000002afc0000)]
  0x0000000014eec800 JavaThread "main" [_thread_blocked, id=8200, stack(0x0000000001020000,0x0000000005020000)]

Other Threads:
  0x000000002adc1800 VMThread [stack: 0x0000000067450000,0x000000006b450000] [id=7488]
  0x000000002ae11000 WatcherThread [stack: 0x0000000083ff0000,0x0000000087ff0000] [id=7432]

VM state:not at safepoint (normal execution)

VM Mutex/Monitor currently owned by a thread:  ([mutex/lock_event])
[0x0000000014eeae10] JNIGlobalHandle_lock - owner thread: 0x000000002c3c2800

Heap
 PSYoungGen      total 17728K, used 3254K [0x000000004db30000, 0x000000004ee60000, 0x0000000050c30000)
  eden space 16832K, 17% used [0x000000004db30000,0x000000004de05938,0x000000004eba0000)
  from space 896K, 39% used [0x000000004ed80000,0x000000004edd8000,0x000000004ee60000)
  to   space 1408K, 0% used [0x000000004eba0000,0x000000004eba0000,0x000000004ed00000)
 PSOldGen        total 67136K, used 55887K [0x0000000044830000, 0x00000000489c0000, 0x000000004db30000)
  object space 67136K, 83% used [0x0000000044830000,0x0000000047ec3ce8,0x00000000489c0000)
 PSPermGen       total 118912K, used 65502K [0x000000003c830000, 0x0000000043c50000, 0x0000000044830000)
  object space 118912K, 55% used [0x000000003c830000,0x0000000040827970,0x0000000043c50000)

Dynamic libraries:
0x00007ff73eef0000 - 0x00007ff73ef22000 	C:\Program Files\MATLAB\R2012a\bin\win64\MATLAB.exe
0x00007ffd963d0000 - 0x00007ffd965a1000 	C:\Windows\SYSTEM32\ntdll.dll
0x00007ffd95c40000 - 0x00007ffd95ceb000 	C:\Windows\System32\KERNEL32.DLL
0x00007ffd93450000 - 0x00007ffd9366d000 	C:\Windows\System32\KERNELBASE.dll
0x0000000074460000 - 0x0000000074554000 	C:\Program Files\MATLAB\R2012a\bin\win64\libut.dll
0x0000000073f70000 - 0x00000000740ad000 	C:\Program Files\MATLAB\R2012a\bin\win64\libmwfl.dll
0x000000007bed0000 - 0x000000007c183000 	C:\Program Files\MATLAB\R2012a\bin\win64\libmwservices.dll
0x0000000074970000 - 0x0000000074b06000 	C:\Program Files\MATLAB\R2012a\bin\win64\mcr.dll
0x00007ffd96040000 - 0x00007ffd9605c000 	C:\Windows\System32\imagehlp.dll
0x00007ffd95cf0000 - 0x00007ffd95cf8000 	C:\Windows\System32\PSAPI.DLL
0x00007ffd92c70000 - 0x00007ffd92d65000 	C:\Windows\System32\ucrtbase.dll
0x00007ffd95f90000 - 0x00007ffd96032000 	C:\Windows\System32\ADVAPI32.dll
0x00007ffd93af0000 - 0x00007ffd93b8e000 	C:\Windows\System32\msvcrt.dll
0x00007ffd93960000 - 0x00007ffd939b9000 	C:\Windows\System32\sechost.dll
0x00007ffd939c0000 - 0x00007ffd93ae1000 	C:\Windows\System32\RPCRT4.dll
0x00000000758a0000 - 0x0000000075952000 	C:\Program Files\MATLAB\R2012a\bin\win64\libmwi18n.dll
0x00007ffd95da0000 - 0x00007ffd95dd4000 	C:\Windows\System32\GDI32.dll
0x00007ffd956e0000 - 0x00007ffd95845000 	C:\Windows\System32\USER32.dll
0x00007ffd928c0000 - 0x00007ffd92a42000 	C:\Windows\System32\gdi32full.dll
0x00007ffd93710000 - 0x00007ffd9372e000 	C:\Windows\System32\win32u.dll
0x00007ffd93d30000 - 0x00007ffd95238000 	C:\Windows\System32\SHELL32.dll
0x00007ffd92c20000 - 0x00007ffd92c62000 	C:\Windows\System32\cfgmgr32.dll
0x00007ffd92d70000 - 0x00007ffd9344a000 	C:\Windows\System32\windows.storage.dll
0x00007ffd95850000 - 0x00007ffd95b18000 	C:\Windows\System32\combase.dll
0x00007ffd938f0000 - 0x00007ffd9395a000 	C:\Windows\System32\bcryptPrimitives.dll
0x00000000632c0000 - 0x0000000063363000 	C:\Windows\WinSxS\amd64_microsoft.vc90.crt_1fc8b3b9a1e18e3b_9.0.30729.9247_none_08e394a1a83e212f\MSVCR90.dll
0x0000000063370000 - 0x0000000063443000 	C:\Windows\WinSxS\amd64_microsoft.vc90.crt_1fc8b3b9a1e18e3b_9.0.30729.9247_none_08e394a1a83e212f\MSVCP90.dll
0x00007ffd92870000 - 0x00007ffd928bc000 	C:\Windows\System32\powrprof.dll
0x0000000180000000 - 0x000000018000b000 	C:\Program Files\MATLAB\R2012a\bin\win64\libmwresource_core.dll
0x000000007a350000 - 0x000000007a646000 	C:\Program Files\MATLAB\R2012a\bin\win64\libmwMATLAB_res.dll
0x00007ffd96160000 - 0x00007ffd961b2000 	C:\Windows\System32\shlwapi.dll
0x00007ffd92850000 - 0x00007ffd9285f000 	C:\Windows\System32\kernel.appcore.dll
0x00007ffd93840000 - 0x00007ffd938e9000 	C:\Windows\System32\shcore.dll
0x0000000011280000 - 0x0000000011290000 	C:\Program Files\MATLAB\R2012a\bin\win64\boost_date_time-vc90-mt-1_44.dll
0x000000007a170000 - 0x000000007a19c000 	C:\Program Files\MATLAB\R2012a\bin\win64\boost_filesystem-vc90-mt-1_44.dll
0x00007ffd92830000 - 0x00007ffd92844000 	C:\Windows\System32\profapi.dll
0x00007ffd93b90000 - 0x00007ffd93cc7000 	C:\Windows\System32\ole32.dll
0x000000007a250000 - 0x000000007a263000 	C:\Program Files\MATLAB\R2012a\bin\win64\boost_signals-vc90-mt-1_44.dll
0x00000000112b0000 - 0x00000000112b9000 	C:\Program Files\MATLAB\R2012a\bin\win64\boost_system-vc90-mt-1_44.dll
0x000000007a2d0000 - 0x000000007a2e2000 	C:\Program Files\MATLAB\R2012a\bin\win64\boost_thread-vc90-mt-1_44.dll
0x00000000112f0000 - 0x0000000011336000 	C:\Program Files\MATLAB\R2012a\bin\win64\tbb.dll
0x0000000063140000 - 0x00000000632b1000 	C:\Program Files\MATLAB\R2012a\bin\win64\icuuc44.dll
0x0000000063120000 - 0x0000000063133000 	C:\Program Files\MATLAB\R2012a\bin\win64\icuio44.dll
0x00007ffd85890000 - 0x00007ffd85a22000 	C:\Windows\SYSTEM32\dbghelp.dll
0x0000000075000000 - 0x000000007536b000 	C:\Program Files\MATLAB\R2012a\bin\win64\iqm.dll
0x0000000079fb0000 - 0x0000000079fe7000 	C:\Program Files\MATLAB\R2012a\bin\win64\libmwbridge.dll
0x0000000075a20000 - 0x0000000075ae2000 	C:\Program Files\MATLAB\R2012a\bin\win64\libmx.dll
0x00000000630f0000 - 0x0000000063115000 	C:\Program Files\MATLAB\R2012a\bin\win64\libmex.dll
0x0000000075f10000 - 0x0000000075f5d000 	C:\Program Files\MATLAB\R2012a\bin\win64\mpath.dll
0x000000007b680000 - 0x000000007bbe1000 	C:\Program Files\MATLAB\R2012a\bin\win64\mlutil.dll
0x0000000063030000 - 0x00000000630e3000 	C:\Program Files\MATLAB\R2012a\bin\win64\m_dispatcher.dll
0x0000000062db0000 - 0x0000000063029000 	C:\Program Files\MATLAB\R2012a\bin\win64\mcos.dll
0x0000000062c50000 - 0x0000000062da2000 	C:\Program Files\MATLAB\R2012a\bin\win64\libmwgui.dll
0x0000000061b00000 - 0x00000000624a3000 	C:\Program Files\MATLAB\R2012a\bin\win64\hg.dll
0x0000000062b50000 - 0x0000000062c4d000 	C:\Program Files\MATLAB\R2012a\bin\win64\hgutils.dll
0x00000000612d0000 - 0x0000000061af1000 	C:\Program Files\MATLAB\R2012a\bin\win64\m_interpreter.dll
0x00007ffd95d00000 - 0x00007ffd95d6a000 	C:\Windows\System32\WS2_32.dll
0x00007ffd95b20000 - 0x00007ffd95bdf000 	C:\Windows\System32\OLEAUT32.dll
0x0000000075710000 - 0x00000000757c1000 	C:\Program Files\MATLAB\R2012a\bin\win64\jmi.dll
0x0000000062a90000 - 0x0000000062b4d000 	C:\Program Files\MATLAB\R2012a\bin\win64\udd_mi.dll
0x0000000011450000 - 0x000000001171a000 	C:\Program Files\MATLAB\R2012a\bin\win64\uiw.dll
0x0000000062a70000 - 0x0000000062a90000 	C:\Program Files\MATLAB\R2012a\bin\win64\mwoles05.DLL
0x00007ffd96060000 - 0x00007ffd9615a000 	C:\Windows\System32\COMDLG32.dll
0x00000000629f0000 - 0x0000000062a6c000 	C:\Program Files\MATLAB\R2012a\bin\win64\comcli.dll
0x00000000629e0000 - 0x00000000629ec000 	C:\Program Files\MATLAB\R2012a\bin\win64\mlautoregister.dll
0x00007ffd93670000 - 0x00007ffd9370c000 	C:\Windows\System32\msvcp_win.dll
0x0000000011760000 - 0x0000000011770000 	C:\Program Files\MATLAB\R2012a\bin\win64\boost_iostreams-vc90-mt-1_44.dll
0x0000000011770000 - 0x00000000117b7000 	C:\Program Files\MATLAB\R2012a\bin\win64\boost_serialization-vc90-mt-1_44.dll
0x000000007a010000 - 0x000000007a035000 	C:\Program Files\MATLAB\R2012a\bin\win64\LIBEXPAT.dll
0x00000000627e0000 - 0x00000000629d1000 	C:\Program Files\MATLAB\R2012a\bin\win64\icuin44.dll
0x0000000011800000 - 0x0000000012641000 	C:\Program Files\MATLAB\R2012a\bin\win64\icudt44.dll
0x0000000061200000 - 0x00000000612c8000 	C:\Program Files\MATLAB\R2012a\bin\win64\udd.dll
0x000000007a210000 - 0x000000007a228000 	C:\Program Files\MATLAB\R2012a\bin\win64\zlib1.dll
0x0000000061180000 - 0x00000000611ff000 	C:\Program Files\MATLAB\R2012a\bin\win64\xmlcore.dll
0x0000000012680000 - 0x000000001269a000 	C:\Program Files\MATLAB\R2012a\bin\win64\libmwMATLAB_settings_res.dll
0x000000007bc30000 - 0x000000007be83000 	C:\Program Files\MATLAB\R2012a\bin\win64\xerces-c_2_7.dll
0x0000000074880000 - 0x000000007496d000 	C:\Program Files\MATLAB\R2012a\bin\win64\boost_regex-vc90-mt-1_44.dll
0x0000000061160000 - 0x0000000061177000 	C:\Program Files\MATLAB\R2012a\bin\win64\graphics_util.dll
0x00000000126d0000 - 0x00000000126f1000 	C:\Program Files\MATLAB\R2012a\bin\win64\libmwmfl_scalar.dll
0x0000000076100000 - 0x0000000076167000 	C:\Program Files\MATLAB\R2012a\bin\win64\libmat.dll
0x0000000061110000 - 0x0000000061152000 	C:\Program Files\MATLAB\R2012a\bin\win64\libmwhardcopy.dll
0x00000000610b0000 - 0x000000006110a000 	C:\Program Files\MATLAB\R2012a\bin\win64\libuij.dll
0x0000000060ea0000 - 0x00000000610ac000 	C:\Program Files\MATLAB\R2012a\bin\win64\hgdatatypes.dll
0x0000000060e10000 - 0x0000000060e96000 	C:\Program Files\MATLAB\R2012a\bin\win64\libmwlapack.dll
0x0000000012760000 - 0x000000001279b000 	C:\Program Files\MATLAB\R2012a\bin\win64\libmwgbtutils.dll
0x00000000127c0000 - 0x00000000127d9000 	C:\Program Files\MATLAB\R2012a\bin\win64\libmwgbt.dll
0x0000000060d80000 - 0x0000000060e04000 	C:\Program Files\MATLAB\R2012a\bin\win64\profiler.dll
0x00000000127f0000 - 0x0000000012a45000 	C:\Program Files\MATLAB\R2012a\bin\win64\libmwmathutil.dll
0x0000000079f40000 - 0x0000000079f6d000 	C:\Program Files\MATLAB\R2012a\bin\win64\libmwmathrng.dll
0x0000000060d50000 - 0x0000000060d71000 	C:\Program Files\MATLAB\R2012a\bin\win64\m_pcodeio.dll
0x0000000079b10000 - 0x0000000079b77000 	C:\Program Files\MATLAB\R2012a\bin\win64\m_ir.dll
0x0000000060700000 - 0x0000000060d50000 	C:\Program Files\MATLAB\R2012a\bin\win64\m_parser.dll
0x00000000606c0000 - 0x00000000606f1000 	C:\Program Files\MATLAB\R2012a\bin\win64\m_pcodegen.dll
0x0000000012aa0000 - 0x0000000012b0b000 	C:\Program Files\MATLAB\R2012a\bin\win64\libmwspmatrix.dll
0x00007ffd8c3e0000 - 0x00007ffd8c466000 	C:\Windows\SYSTEM32\WINSPOOL.DRV
0x0000000012b40000 - 0x0000000012b4e000 	C:\Program Files\MATLAB\R2012a\bin\win64\nativejava_services.dll
0x00000000601d0000 - 0x00000000606b4000 	C:\Windows\WinSxS\amd64_microsoft.vc90.mfc_1fc8b3b9a1e18e3b_9.0.30729.4148_none_04480933ab2137b1\mfc90.dll
0x00000000601c0000 - 0x00000000601cf000 	C:\Program Files\MATLAB\R2012a\bin\win64\uinone.dll
0x00007ffd78240000 - 0x00007ffd7825b000 	C:\Windows\SYSTEM32\MPR.dll
0x00007ffd61670000 - 0x00007ffd6171c000 	C:\Windows\WinSxS\amd64_microsoft.windows.common-controls_6595b64144ccf1df_5.82.14393.447_none_0d5aa7fbb6d35646\COMCTL32.dll
0x0000000060190000 - 0x00000000601bf000 	C:\Windows\WinSxS\amd64_microsoft.vc90.atl_1fc8b3b9a1e18e3b_9.0.30729.4148_none_0a1d2fcba76b3f00\ATL90.DLL
0x0000000072d30000 - 0x0000000072f44000 	C:\Program Files\MATLAB\R2012a\bin\win64\hdf5dll.dll
0x0000000060170000 - 0x0000000060182000 	C:\Program Files\MATLAB\R2012a\bin\win64\libmwbinder.dll
0x0000000060160000 - 0x000000006016b000 	C:\Program Files\MATLAB\R2012a\bin\win64\libmwompwrapper.dll
0x0000000074c10000 - 0x0000000074ced000 	C:\Program Files\MATLAB\R2012a\bin\win64\libmwmathcore.dll
0x0000000060140000 - 0x000000006015a000 	C:\Program Files\MATLAB\R2012a\bin\win64\ir_xfmr.dll
0x00007ffd92410000 - 0x00007ffd9243b000 	C:\Windows\SYSTEM32\bcrypt.dll
0x0000000060130000 - 0x000000006013c000 	C:\Program Files\MATLAB\R2012a\bin\win64\mtok.dll
0x00007ffd87c00000 - 0x00007ffd87c07000 	C:\Windows\SYSTEM32\MSIMG32.dll
0x0000000075ea0000 - 0x0000000075f02000 	C:\Program Files\MATLAB\R2012a\bin\win64\libmwcholmod.dll
0x0000000012be0000 - 0x0000000012bed000 	C:\Program Files\MATLAB\R2012a\bin\win64\libmwamd.dll
0x0000000012bf0000 - 0x0000000012bfc000 	C:\Program Files\MATLAB\R2012a\bin\win64\libmwcolamd.dll
0x0000000060110000 - 0x0000000060129000 	C:\Program Files\MATLAB\R2012a\bin\win64\libmwblas.dll
0x00007ffd80b50000 - 0x00007ffd80b68000 	C:\Windows\SYSTEM32\NETAPI32.dll
0x00007ffd95d70000 - 0x00007ffd95d9e000 	C:\Windows\System32\IMM32.DLL
0x00007ffd90eb0000 - 0x00007ffd90f45000 	C:\Windows\SYSTEM32\UxTheme.dll
0x00007ffd90600000 - 0x00007ffd90626000 	C:\Windows\SYSTEM32\dwmapi.dll
0x0000000012cd0000 - 0x0000000012cdd000 	C:\Windows\WinSxS\amd64_microsoft.vc90.mfcloc_1fc8b3b9a1e18e3b_9.0.30729.4148_none_01c6b44660ce74c3\MFC90ENU.DLL
0x00000000149a0000 - 0x00000000149c9000 	C:\Program Files\MATLAB\R2012a\bin\win64\tbbmalloc.dll
0x00007ffd96260000 - 0x00007ffd963ba000 	C:\Windows\System32\MSCTF.dll
0x0000000078870000 - 0x0000000078ecd000 	C:\Program Files\MATLAB\R2012a\sys\java\jre\win64\jre\bin\server\jvm.dll
0x00007ffd90c50000 - 0x00007ffd90c73000 	C:\Windows\SYSTEM32\WINMM.dll
0x00007ffd90bf0000 - 0x00007ffd90c1b000 	C:\Windows\SYSTEM32\WINMMBASE.dll
0x00007ffd91ee0000 - 0x00007ffd91f18000 	C:\Windows\SYSTEM32\iphlpapi.dll
0x00007ffd91f20000 - 0x00007ffd91fc1000 	C:\Windows\SYSTEM32\DNSAPI.dll
0x00007ffd963c0000 - 0x00007ffd963c8000 	C:\Windows\System32\NSI.dll
0x00007ffd8c100000 - 0x00007ffd8c116000 	C:\Windows\SYSTEM32\dhcpcsvc6.DLL
0x00007ffd8c260000 - 0x00007ffd8c27a000 	C:\Windows\SYSTEM32\dhcpcsvc.DLL

VM Arguments:
jvm_args: -Xss512k -XX:PermSize=32m -Xms64m -XX:NewRatio=3 -XX:MaxPermSize=128m -Xmx196m -XX:MaxDirectMemorySize=2147400000 -Dsun.java2d.noddraw=true -Dsun.awt.nopixfmt=true -Xshare:off -Xrs -Dsun.awt.disableMixing=true -Djava.library.path=C:\Program Files\MATLAB\R2012a\bin\win64 vfprintf abort 
java_command: <unknown>
Launcher Type: generic

Environment Variables:
PATH=C:\ProgramData\Oracle\Java\javapath;C:\Windows\system32;C:\Windows;C:\Windows\System32\Wbem;C:\Windows\System32\WindowsPowerShell\v1.0\;C:\Program Files\Intel\WiFi\bin\;C:\Program Files\Common Files\Intel\WirelessCommon\;C:\Program Files\MATLAB\R2012a\runtime\win64;C:\Program Files\MATLAB\R2012a\bin;QUARTUS_ROOTDIR\bin;C:\Program Files (x86)\Windows Kits\10\Windows Performance Toolkit\;C:\Program Files\MySQL\MySQL Utilities 1.6\;C:\Users\iPanda\AppData\Local\Microsoft\WindowsApps;C:\Program Files\Intel\WiFi\bin\;C:\Program Files\Common Files\Intel\WirelessCommon\
USERNAME=iPanda
OS=Windows_NT
PROCESSOR_IDENTIFIER=Intel64 Family 6 Model 58 Stepping 9, GenuineIntel



---------------  S Y S T E M  ---------------

OS: Windows NT 6.2 Build 9200 

CPU:total 4 (8 cores per cpu, 2 threads per core) family 6 model 58 stepping 9, cmov, cx8, fxsr, mmx, sse, sse2, sse3, ssse3, sse4.1, sse4.2, ht

Memory: 4k page, physical 4007848k(1589580k free), swap 4859816k(1639860k free)

vm_info: Java HotSpot(TM) 64-Bit Server VM (14.3-b01) for windows-amd64 JRE (1.6.0_17-b04), built on Oct 11 2009 00:46:08 by "java_re" with MS VC++ 8.0

time: Thu Apr 20 14:40:53 2017
elapsed time: 669 seconds

